<?xml version="1.0" encoding="UTF-8"?>
<!-- Generated by org.testng.reporters.JUnitReportReporter -->
<testsuite hostname="Deepali" name="Test1" tests="2" failures="0" timestamp="22 Jul 2018 17:47:55 GMT" time="0.020" errors="0">
  <testcase name="Deep1" time="0.006" classname="Test1"/>
  <testcase name="Car" time="0.014" classname="Test1"/>
</testsuite> <!-- Test1 -->
