<?xml version="1.0" encoding="UTF-8"?>
<!-- Generated by org.testng.reporters.JUnitReportReporter -->
<testsuite hostname="Deepali" name="TestNGtest.NewTest" tests="1" failures="0" timestamp="26 Jul 2021 11:23:11 GMT" time="0.032" errors="0">
  <testcase name="f" time="0.032" classname="TestNGtest.NewTest"/>
</testsuite> <!-- TestNGtest.NewTest -->
