<?xml version="1.0" encoding="UTF-8"?>
<!-- Generated by org.testng.reporters.JUnitReportReporter -->
<testsuite hostname="Deepali" name="DeepStupid.New" tests="4" failures="0" timestamp="24 Jul 2018 10:55:54 GMT" time="0.010" errors="0">
  <testcase name="g" time="0.002" classname="DeepStupid.New"/>
  <testcase name="h" time="0.003" classname="DeepStupid.New"/>
  <testcase name="f" time="0.002" classname="DeepStupid.New"/>
  <testcase name="i" time="0.003" classname="DeepStupid.New"/>
</testsuite> <!-- DeepStupid.New -->
