<?xml version="1.0" encoding="UTF-8"?>
<!-- Generated by org.testng.reporters.JUnitReportReporter -->
<testsuite hostname="Deepali" name="DeepStupid.Test1" tests="1" failures="0" timestamp="9 Sep 2018 13:53:03 GMT" time="0.000" errors="0">
  <testcase name="Car" time="0.000" classname="DeepStupid.Test1"/>
</testsuite> <!-- DeepStupid.Test1 -->
