<?xml version="1.0" encoding="UTF-8"?>
<!-- Generated by org.testng.reporters.JUnitReportReporter -->
<testsuite hostname="Deepali" name="New" tests="4" failures="0" timestamp="22 Jul 2018 17:29:10 GMT" time="0.031" errors="0">
  <testcase name="i" time="0.003" classname="New"/>
  <testcase name="f" time="0.017" classname="New"/>
  <testcase name="g" time="0.008" classname="New"/>
  <testcase name="h" time="0.003" classname="New"/>
</testsuite> <!-- New -->
