<?xml version="1.0" encoding="UTF-8"?>
<!-- Generated by org.testng.reporters.JUnitReportReporter -->
<testsuite hostname="Deepali" name="DeepStupid.Test2" tests="1" failures="0" timestamp="24 Jul 2018 10:55:54 GMT" time="0.003" errors="0">
  <testcase name="Deep" time="0.003" classname="DeepStupid.Test2"/>
</testsuite> <!-- DeepStupid.Test2 -->
